<?xml version="1.0" encoding="UTF-8"?>
<!-- Generated by org.testng.reporters.JUnitReportReporter -->
<testsuite hostname="niyaz-ahmad" failures="0" tests="1" name="WebPracticeDropdown.Testing2" time="0.002" errors="0" timestamp="2024-06-03T14:11:10 IST" skipped="0">
  <testcase classname="WebPracticeDropdown.Testing2" name="main" time="0.002"/>
</testsuite> <!-- WebPracticeDropdown.Testing2 -->
